<?xml version="1.0" encoding="UTF-8"?>
<!-- Generated by org.testng.reporters.JUnitReportReporter -->
<testsuite hostname="IN5CD8052PM3" name="com.pwc.spark.regression.SparkGroup" tests="1" failures="0" timestamp="3 Apr 2018 11:00:22 GMT" time="34.575" errors="0">
  <testcase name="myChromeTest" time="34.575" classname="com.pwc.spark.regression.SparkGroup"/>
</testsuite> <!-- com.pwc.spark.regression.SparkGroup -->
